Arguments: 
  C:\Program Files\nodejs\node.exe C:\Program Files (x86)\Yarn\bin\yarn.js version

PATH: 
  C:\windows\system32;C:\windows;C:\windows\System32\Wbem;C:\windows\System32\WindowsPowerShell\v1.0\;C:\Program Files (x86)\Intel\OpenCL SDK\2.0\bin\x86;C:\Program Files (x86)\Intel\OpenCL SDK\2.0\bin\x64;C:\Program Files\nodejs\;C:\Program Files (x86)\Yarn\bin\;C:\Users\Administrator\AppData\Local\Microsoft\WindowsApps;;C:\Program Files\Microsoft VS Code\bin;C:\Users\Administrator\AppData\Roaming\npm;C:\Users\Administrator\AppData\Local\Yarn\bin

Yarn version: 
  1.7.0

Node version: 
  10.3.0

Platform: 
  win32 x64

Trace: 
  Error: canceled
      at Interface.<anonymous> (C:\Program Files (x86)\Yarn\lib\cli.js:131036:13)
      at Interface.emit (events.js:182:13)
      at Interface._ttyWrite (readline.js:783:16)
      at ReadStream.onkeypress (readline.js:168:10)
      at ReadStream.emit (events.js:182:13)
      at emitKeys (internal/readline.js:422:14)
      at emitKeys.next (<anonymous>)
      at ReadStream.onData (readline.js:1022:36)
      at ReadStream.emit (events.js:182:13)
      at addChunk (_stream_readable.js:279:12)

npm manifest: 
  {
    "name": "jest-demo",
    "version": "1.0.0",
    "description": "demo for jest test framework",
    "main": "index.js",
    "scripts": {
      "test": "jest"
    },
    "author": "",
    "license": "ISC",
    "devDependencies": {
      "babel-jest": "^23.0.1",
      "babel-preset-env": "^1.7.0",
      "babel-preset-react": "^6.24.1",
      "jest": "^23.1.0",
      "react-test-render": "^1.1.1"
    },
    "dependencies": {
      "react": "^16.4.0",
      "react-dom": "^16.4.0"
    }
  }

yarn manifest: 
  No manifest

Lockfile: 
  No lockfile
